;  LST file generated by mikroListExporter - v.2.0 
; Date/Time: 12/17/2022 3:14:03 PM
;----------------------------------------------

;Address Opcode 	ASM
0x0000	0x2A22      	GOTO       546
_Delay_1us:
;__Lib_Delays.c,7 :: 		void Delay_1us() {
;__Lib_Delays.c,8 :: 		Delay_us(1);
0x0003	0x0000      	NOP
;__Lib_Delays.c,9 :: 		}
L_end_Delay_1us:
0x0004	0x0008      	RETURN
; end of _Delay_1us
_Delay_5500us:
;__Lib_Delays.c,31 :: 		void Delay_5500us() {
;__Lib_Delays.c,32 :: 		Delay_us(5500);
0x0005	0x3008      	MOVLW      8
0x0006	0x1283      	BCF        STATUS, 5
0x0007	0x1303      	BCF        STATUS, 6
0x0008	0x00FC      	MOVWF      R12
0x0009	0x3023      	MOVLW      35
0x000A	0x00FD      	MOVWF      R13
L_Delay_5500us5:
0x000B	0x0BFD      	DECFSZ     R13, 1
0x000C	0x280B      	GOTO       L_Delay_5500us5
0x000D	0x0BFC      	DECFSZ     R12, 1
0x000E	0x280B      	GOTO       L_Delay_5500us5
;__Lib_Delays.c,33 :: 		}
L_end_Delay_5500us:
0x000F	0x0008      	RETURN
; end of _Delay_5500us
_Delay_50us:
;__Lib_Delays.c,19 :: 		void Delay_50us() {
;__Lib_Delays.c,20 :: 		Delay_us(50);
0x0010	0x3010      	MOVLW      16
0x0011	0x1283      	BCF        STATUS, 5
0x0012	0x1303      	BCF        STATUS, 6
0x0013	0x00FD      	MOVWF      R13
L_Delay_50us2:
0x0014	0x0BFD      	DECFSZ     R13, 1
0x0015	0x2814      	GOTO       L_Delay_50us2
0x0016	0x0000      	NOP
;__Lib_Delays.c,21 :: 		}
L_end_Delay_50us:
0x0017	0x0008      	RETURN
; end of _Delay_50us
_Lcd_Cmd:
;__Lib_Lcd.c,18 :: 		
;__Lib_Lcd.c,20 :: 		
0x0018	0x1283      	BCF        STATUS, 5
0x0019	0x1303      	BCF        STATUS, 6
0x001A	0x1BD1      	BTFSC      FARG_Lcd_Cmd_out_char, 7
0x001B	0x281E      	GOTO       L__Lcd_Cmd21
0x001C	0x1387      	BCF        LCD_D7, BitPos(LCD_D7+0)
0x001D	0x281F      	GOTO       L__Lcd_Cmd22
L__Lcd_Cmd21:
0x001E	0x1787      	BSF        LCD_D7, BitPos(LCD_D7+0)
L__Lcd_Cmd22:
;__Lib_Lcd.c,21 :: 		
0x001F	0x1B51      	BTFSC      FARG_Lcd_Cmd_out_char, 6
0x0020	0x2823      	GOTO       L__Lcd_Cmd23
0x0021	0x1307      	BCF        LCD_D6, BitPos(LCD_D6+0)
0x0022	0x2824      	GOTO       L__Lcd_Cmd24
L__Lcd_Cmd23:
0x0023	0x1707      	BSF        LCD_D6, BitPos(LCD_D6+0)
L__Lcd_Cmd24:
;__Lib_Lcd.c,22 :: 		
0x0024	0x1AD1      	BTFSC      FARG_Lcd_Cmd_out_char, 5
0x0025	0x2828      	GOTO       L__Lcd_Cmd25
0x0026	0x1287      	BCF        LCD_D5, BitPos(LCD_D5+0)
0x0027	0x2829      	GOTO       L__Lcd_Cmd26
L__Lcd_Cmd25:
0x0028	0x1687      	BSF        LCD_D5, BitPos(LCD_D5+0)
L__Lcd_Cmd26:
;__Lib_Lcd.c,23 :: 		
0x0029	0x1A51      	BTFSC      FARG_Lcd_Cmd_out_char, 4
0x002A	0x282D      	GOTO       L__Lcd_Cmd27
0x002B	0x1207      	BCF        LCD_D4, BitPos(LCD_D4+0)
0x002C	0x282E      	GOTO       L__Lcd_Cmd28
L__Lcd_Cmd27:
0x002D	0x1607      	BSF        LCD_D4, BitPos(LCD_D4+0)
L__Lcd_Cmd28:
;__Lib_Lcd.c,25 :: 		
0x002E	0x1842      	BTFSC      __Lib_Lcd_cmd_status, BitPos(__Lib_Lcd_cmd_status+0)
0x002F	0x2832      	GOTO       L__Lcd_Cmd29
0x0030	0x1507      	BSF        LCD_RS, BitPos(LCD_RS+0)
0x0031	0x2833      	GOTO       L__Lcd_Cmd30
L__Lcd_Cmd29:
0x0032	0x1107      	BCF        LCD_RS, BitPos(LCD_RS+0)
L__Lcd_Cmd30:
;__Lib_Lcd.c,28 :: 		
0x0033	0x1587      	BSF        LCD_EN, BitPos(LCD_EN+0)
;__Lib_Lcd.c,29 :: 		
0x0034	0x2003      	CALL       _Delay_1us
;__Lib_Lcd.c,30 :: 		
0x0035	0x1187      	BCF        LCD_EN, BitPos(LCD_EN+0)
;__Lib_Lcd.c,33 :: 		
0x0036	0x19D1      	BTFSC      FARG_Lcd_Cmd_out_char, 3
0x0037	0x283A      	GOTO       L__Lcd_Cmd31
0x0038	0x1387      	BCF        LCD_D7, BitPos(LCD_D7+0)
0x0039	0x283B      	GOTO       L__Lcd_Cmd32
L__Lcd_Cmd31:
0x003A	0x1787      	BSF        LCD_D7, BitPos(LCD_D7+0)
L__Lcd_Cmd32:
;__Lib_Lcd.c,34 :: 		
0x003B	0x1951      	BTFSC      FARG_Lcd_Cmd_out_char, 2
0x003C	0x283F      	GOTO       L__Lcd_Cmd33
0x003D	0x1307      	BCF        LCD_D6, BitPos(LCD_D6+0)
0x003E	0x2840      	GOTO       L__Lcd_Cmd34
L__Lcd_Cmd33:
0x003F	0x1707      	BSF        LCD_D6, BitPos(LCD_D6+0)
L__Lcd_Cmd34:
;__Lib_Lcd.c,35 :: 		
0x0040	0x18D1      	BTFSC      FARG_Lcd_Cmd_out_char, 1
0x0041	0x2844      	GOTO       L__Lcd_Cmd35
0x0042	0x1287      	BCF        LCD_D5, BitPos(LCD_D5+0)
0x0043	0x2845      	GOTO       L__Lcd_Cmd36
L__Lcd_Cmd35:
0x0044	0x1687      	BSF        LCD_D5, BitPos(LCD_D5+0)
L__Lcd_Cmd36:
;__Lib_Lcd.c,36 :: 		
0x0045	0x1851      	BTFSC      FARG_Lcd_Cmd_out_char, 0
0x0046	0x2849      	GOTO       L__Lcd_Cmd37
0x0047	0x1207      	BCF        LCD_D4, BitPos(LCD_D4+0)
0x0048	0x284A      	GOTO       L__Lcd_Cmd38
L__Lcd_Cmd37:
0x0049	0x1607      	BSF        LCD_D4, BitPos(LCD_D4+0)
L__Lcd_Cmd38:
;__Lib_Lcd.c,38 :: 		
0x004A	0x1842      	BTFSC      __Lib_Lcd_cmd_status, BitPos(__Lib_Lcd_cmd_status+0)
0x004B	0x284E      	GOTO       L__Lcd_Cmd39
0x004C	0x1507      	BSF        LCD_RS, BitPos(LCD_RS+0)
0x004D	0x284F      	GOTO       L__Lcd_Cmd40
L__Lcd_Cmd39:
0x004E	0x1107      	BCF        LCD_RS, BitPos(LCD_RS+0)
L__Lcd_Cmd40:
;__Lib_Lcd.c,40 :: 		
0x004F	0x1587      	BSF        LCD_EN, BitPos(LCD_EN+0)
;__Lib_Lcd.c,41 :: 		
0x0050	0x2003      	CALL       _Delay_1us
;__Lib_Lcd.c,42 :: 		
0x0051	0x1187      	BCF        LCD_EN, BitPos(LCD_EN+0)
;__Lib_Lcd.c,44 :: 		
0x0052	0x1C42      	BTFSS      __Lib_Lcd_cmd_status, BitPos(__Lib_Lcd_cmd_status+0)
0x0053	0x2856      	GOTO       L_Lcd_Cmd0
;__Lib_Lcd.c,45 :: 		
0x0054	0x2005      	CALL       _Delay_5500us
0x0055	0x2857      	GOTO       L_Lcd_Cmd1
L_Lcd_Cmd0:
;__Lib_Lcd.c,47 :: 		
0x0056	0x2010      	CALL       _Delay_50us
L_Lcd_Cmd1:
;__Lib_Lcd.c,48 :: 		
L_end_Lcd_Cmd:
0x0057	0x0008      	RETURN
; end of _Lcd_Cmd
_Div_16X16_U:
;__Lib_Math.c,215 :: 		
;__Lib_Math.c,222 :: 		
0x0058	0x1283      	BCF        STATUS, 5
;__Lib_Math.c,223 :: 		
0x0059	0x1303      	BCF        STATUS, 6
;__Lib_Math.c,224 :: 		
0x005A	0x01F8      	CLRF       R8
;__Lib_Math.c,225 :: 		
0x005B	0x01F9      	CLRF       R9
;__Lib_Math.c,226 :: 		
0x005C	0x3010      	MOVLW      16
;__Lib_Math.c,227 :: 		
0x005D	0x00FC      	MOVWF      R12
;__Lib_Math.c,228 :: 		
0x005E	0x0D71      	RLF        R1, 0
;__Lib_Math.c,229 :: 		
0x005F	0x0DF8      	RLF        R8, 1
;__Lib_Math.c,230 :: 		
0x0060	0x0DF9      	RLF        R9, 1
;__Lib_Math.c,231 :: 		
0x0061	0x0874      	MOVF       R4, 0
;__Lib_Math.c,232 :: 		
0x0062	0x02F8      	SUBWF      R8, 1
;__Lib_Math.c,233 :: 		
0x0063	0x0875      	MOVF       R5, 0
;__Lib_Math.c,234 :: 		
0x0064	0x1C03      	BTFSS      STATUS, 0
;__Lib_Math.c,235 :: 		
0x0065	0x0F75      	INCFSZ     R5, 0
;__Lib_Math.c,236 :: 		
0x0066	0x02F9      	SUBWF      R9, 1
;__Lib_Math.c,237 :: 		
0x0067	0x1803      	BTFSC      STATUS, 0
;__Lib_Math.c,238 :: 		
0x0068	0x2870      	GOTO       $+8
;__Lib_Math.c,239 :: 		
0x0069	0x0874      	MOVF       R4, 0
;__Lib_Math.c,240 :: 		
0x006A	0x07F8      	ADDWF      R8, 1
;__Lib_Math.c,241 :: 		
0x006B	0x0875      	MOVF       R5, 0
;__Lib_Math.c,242 :: 		
0x006C	0x1803      	BTFSC      STATUS, 0
;__Lib_Math.c,243 :: 		
0x006D	0x0F75      	INCFSZ     R5, 0
;__Lib_Math.c,244 :: 		
0x006E	0x07F9      	ADDWF      R9, 1
;__Lib_Math.c,245 :: 		
0x006F	0x1003      	BCF        STATUS, 0
;__Lib_Math.c,246 :: 		
0x0070	0x0DF0      	RLF        R0, 1
;__Lib_Math.c,247 :: 		
0x0071	0x0DF1      	RLF        R1, 1
;__Lib_Math.c,248 :: 		
0x0072	0x0BFC      	DECFSZ     R12, 1
;__Lib_Math.c,249 :: 		
0x0073	0x285E      	GOTO       $-21
;__Lib_Math.c,251 :: 		
L_end_Div_16X16_U:
0x0074	0x0008      	RETURN
; end of _Div_16X16_U
_____DoICP:
;__Lib_System.c,6 :: 		
;__Lib_System.c,9 :: 		
0x0075	0x1283      	BCF        STATUS, 5
0x0076	0x1303      	BCF        STATUS, 6
0x0077	0x0835      	MOVF       ___DoICPAddr+1, 0
0x0078	0x008A      	MOVWF      PCLATH
;__Lib_System.c,10 :: 		
0x0079	0x0834      	MOVF       ___DoICPAddr, 0
0x007A	0x0082      	MOVWF      PCL
;__Lib_System.c,12 :: 		
L_end_____DoICP:
0x007B	0x0008      	RETURN
; end of _____DoICP
_Lcd_Chr_CP:
;__Lib_Lcd.c,50 :: 		
;__Lib_Lcd.c,52 :: 		
0x007C	0x1283      	BCF        STATUS, 5
0x007D	0x1303      	BCF        STATUS, 6
0x007E	0x1042      	BCF        __Lib_Lcd_cmd_status, BitPos(__Lib_Lcd_cmd_status+0)
;__Lib_Lcd.c,53 :: 		
0x007F	0x084C      	MOVF       FARG_Lcd_Chr_CP_out_char, 0
0x0080	0x00D1      	MOVWF      FARG_Lcd_Cmd_out_char
0x0081	0x2018      	CALL       _Lcd_Cmd
;__Lib_Lcd.c,54 :: 		
0x0082	0x1442      	BSF        __Lib_Lcd_cmd_status, BitPos(__Lib_Lcd_cmd_status+0)
;__Lib_Lcd.c,55 :: 		
L_end_Lcd_Chr_CP:
0x0083	0x0008      	RETURN
; end of _Lcd_Chr_CP
_Delay_22us:
;__Lib_Delays.c,15 :: 		void Delay_22us() {
;__Lib_Delays.c,16 :: 		Delay_us(22);
0x0084	0x3007      	MOVLW      7
0x0085	0x1283      	BCF        STATUS, 5
0x0086	0x1303      	BCF        STATUS, 6
0x0087	0x00FD      	MOVWF      R13
L_Delay_22us1:
0x0088	0x0BFD      	DECFSZ     R13, 1
0x0089	0x2888      	GOTO       L_Delay_22us1
;__Lib_Delays.c,17 :: 		}
L_end_Delay_22us:
0x008A	0x0008      	RETURN
; end of _Delay_22us
_WordToStr:
;__Lib_Conversions.c,98 :: 		
;__Lib_Conversions.c,103 :: 		
0x008B	0x1283      	BCF        STATUS, 5
0x008C	0x1303      	BCF        STATUS, 6
0x008D	0x01CF      	CLRF       WordToStr_len_L0
L_WordToStr11:
0x008E	0x3005      	MOVLW      5
0x008F	0x024F      	SUBWF      WordToStr_len_L0, 0
0x0090	0x1803      	BTFSC      STATUS, 0
0x0091	0x2899      	GOTO       L_WordToStr12
;__Lib_Conversions.c,104 :: 		
0x0092	0x084F      	MOVF       WordToStr_len_L0, 0
0x0093	0x074E      	ADDWF      FARG_WordToStr_output, 0
0x0094	0x0084      	MOVWF      FSR
0x0095	0x3020      	MOVLW      32
0x0096	0x0080      	MOVWF      INDF
;__Lib_Conversions.c,103 :: 		
0x0097	0x0ACF      	INCF       WordToStr_len_L0, 1
;__Lib_Conversions.c,104 :: 		
0x0098	0x288E      	GOTO       L_WordToStr11
L_WordToStr12:
;__Lib_Conversions.c,105 :: 		
0x0099	0x084F      	MOVF       WordToStr_len_L0, 0
0x009A	0x074E      	ADDWF      FARG_WordToStr_output, 0
0x009B	0x0084      	MOVWF      FSR
0x009C	0x0180      	CLRF       INDF
0x009D	0x03CF      	DECF       WordToStr_len_L0, 1
;__Lib_Conversions.c,107 :: 		
L_WordToStr14:
;__Lib_Conversions.c,108 :: 		
0x009E	0x084F      	MOVF       WordToStr_len_L0, 0
0x009F	0x074E      	ADDWF      FARG_WordToStr_output, 0
0x00A0	0x00D0      	MOVWF      FLOC__WordToStr
0x00A1	0x300A      	MOVLW      10
0x00A2	0x00F4      	MOVWF      R4
0x00A3	0x01F5      	CLRF       R4+1
0x00A4	0x084C      	MOVF       FARG_WordToStr_input, 0
0x00A5	0x00F0      	MOVWF      R0
0x00A6	0x084D      	MOVF       FARG_WordToStr_input+1, 0
0x00A7	0x00F1      	MOVWF      R0+1
0x00A8	0x2058      	CALL       _Div_16X16_U
0x00A9	0x0878      	MOVF       R8, 0
0x00AA	0x00F0      	MOVWF      R0
0x00AB	0x0879      	MOVF       R8+1, 0
0x00AC	0x00F1      	MOVWF      R0+1
0x00AD	0x3030      	MOVLW      48
0x00AE	0x07F0      	ADDWF      R0, 1
0x00AF	0x0850      	MOVF       FLOC__WordToStr, 0
0x00B0	0x0084      	MOVWF      FSR
0x00B1	0x0870      	MOVF       R0, 0
0x00B2	0x0080      	MOVWF      INDF
;__Lib_Conversions.c,109 :: 		
0x00B3	0x300A      	MOVLW      10
0x00B4	0x00F4      	MOVWF      R4
0x00B5	0x01F5      	CLRF       R4+1
0x00B6	0x084C      	MOVF       FARG_WordToStr_input, 0
0x00B7	0x00F0      	MOVWF      R0
0x00B8	0x084D      	MOVF       FARG_WordToStr_input+1, 0
0x00B9	0x00F1      	MOVWF      R0+1
0x00BA	0x2058      	CALL       _Div_16X16_U
0x00BB	0x0870      	MOVF       R0, 0
0x00BC	0x00CC      	MOVWF      FARG_WordToStr_input
0x00BD	0x0871      	MOVF       R0+1, 0
0x00BE	0x00CD      	MOVWF      FARG_WordToStr_input+1
;__Lib_Conversions.c,110 :: 		
0x00BF	0x3000      	MOVLW      0
0x00C0	0x0671      	XORWF      R0+1, 0
0x00C1	0x1D03      	BTFSS      STATUS, 2
0x00C2	0x28C5      	GOTO       L__WordToStr159
0x00C3	0x3000      	MOVLW      0
0x00C4	0x0670      	XORWF      R0, 0
L__WordToStr159:
0x00C5	0x1D03      	BTFSS      STATUS, 2
0x00C6	0x28C8      	GOTO       L_WordToStr16
;__Lib_Conversions.c,111 :: 		
0x00C7	0x28CA      	GOTO       L_WordToStr15
L_WordToStr16:
;__Lib_Conversions.c,112 :: 		
0x00C8	0x03CF      	DECF       WordToStr_len_L0, 1
;__Lib_Conversions.c,113 :: 		
0x00C9	0x289E      	GOTO       L_WordToStr14
L_WordToStr15:
;__Lib_Conversions.c,114 :: 		
L_end_WordToStr:
0x00CA	0x0008      	RETURN
; end of _WordToStr
_Mul_16X16_U:
;__Lib_Math.c,136 :: 		
;__Lib_Math.c,143 :: 		
0x00CB	0x1283      	BCF        STATUS, 5
;__Lib_Math.c,144 :: 		
0x00CC	0x1303      	BCF        STATUS, 6
;__Lib_Math.c,145 :: 		
0x00CD	0x01FB      	CLRF       R11
;__Lib_Math.c,146 :: 		
0x00CE	0x01FA      	CLRF       R10
;__Lib_Math.c,147 :: 		
0x00CF	0x01F9      	CLRF       R9
;__Lib_Math.c,148 :: 		
0x00D0	0x3080      	MOVLW      128
;__Lib_Math.c,149 :: 		
0x00D1	0x00F8      	MOVWF      R8
;__Lib_Math.c,150 :: 		
0x00D2	0x0CF1      	RRF        R1, 1
;__Lib_Math.c,151 :: 		
0x00D3	0x0CF0      	RRF        R0, 1
;__Lib_Math.c,152 :: 		
0x00D4	0x1C03      	BTFSS      STATUS, 0
;__Lib_Math.c,153 :: 		
0x00D5	0x28DF      	GOTO       $+10
;__Lib_Math.c,154 :: 		
0x00D6	0x0874      	MOVF       R4, 0
;__Lib_Math.c,155 :: 		
0x00D7	0x07F9      	ADDWF      R9, 1
;__Lib_Math.c,156 :: 		
0x00D8	0x0875      	MOVF       R5, 0
;__Lib_Math.c,157 :: 		
0x00D9	0x1803      	BTFSC      STATUS, 0
;__Lib_Math.c,158 :: 		
0x00DA	0x0F75      	INCFSZ     R5, 0
;__Lib_Math.c,159 :: 		
0x00DB	0x07FA      	ADDWF      R10, 1
;__Lib_Math.c,160 :: 		
0x00DC	0x1803      	BTFSC      STATUS, 0
;__Lib_Math.c,161 :: 		
0x00DD	0x0AFB      	INCF       R11, 1
;__Lib_Math.c,162 :: 		
0x00DE	0x1003      	BCF        STATUS, 0
;__Lib_Math.c,163 :: 		
0x00DF	0x1FF0      	BTFSS      R0, 7
;__Lib_Math.c,164 :: 		
0x00E0	0x28E7      	GOTO       $+7
;__Lib_Math.c,165 :: 		
0x00E1	0x0874      	MOVF       R4, 0
;__Lib_Math.c,166 :: 		
0x00E2	0x07FA      	ADDWF      R10, 1
;__Lib_Math.c,167 :: 		
0x00E3	0x0875      	MOVF       R5, 0
;__Lib_Math.c,168 :: 		
0x00E4	0x1803      	BTFSC      STATUS, 0
;__Lib_Math.c,169 :: 		
0x00E5	0x0F75      	INCFSZ     R5, 0
;__Lib_Math.c,170 :: 		
0x00E6	0x07FB      	ADDWF      R11, 1
;__Lib_Math.c,171 :: 		
0x00E7	0x0CFB      	RRF        R11, 1
;__Lib_Math.c,172 :: 		
0x00E8	0x0CFA      	RRF        R10, 1
;__Lib_Math.c,173 :: 		
0x00E9	0x0CF9      	RRF        R9, 1
;__Lib_Math.c,174 :: 		
0x00EA	0x0CF8      	RRF        R8, 1
;__Lib_Math.c,175 :: 		
0x00EB	0x1C03      	BTFSS      STATUS, 0
;__Lib_Math.c,176 :: 		
0x00EC	0x28D2      	GOTO       $-26
;__Lib_Math.c,177 :: 		
0x00ED	0x087B      	MOVF       R11, 0
;__Lib_Math.c,178 :: 		
0x00EE	0x00F3      	MOVWF      R3
;__Lib_Math.c,179 :: 		
0x00EF	0x087A      	MOVF       R10, 0
;__Lib_Math.c,180 :: 		
0x00F0	0x00F2      	MOVWF      R2
;__Lib_Math.c,181 :: 		
0x00F1	0x0879      	MOVF       R9, 0
;__Lib_Math.c,182 :: 		
0x00F2	0x00F1      	MOVWF      R1
;__Lib_Math.c,183 :: 		
0x00F3	0x0878      	MOVF       R8, 0
;__Lib_Math.c,184 :: 		
0x00F4	0x00F0      	MOVWF      R0
;__Lib_Math.c,187 :: 		
L_end_Mul_16X16_U:
0x00F5	0x0008      	RETURN
; end of _Mul_16X16_U
_IntToStr:
;__Lib_Conversions.c,195 :: 		
;__Lib_Conversions.c,201 :: 		
0x00F6	0x1283      	BCF        STATUS, 5
0x00F7	0x1303      	BCF        STATUS, 6
0x00F8	0x01C8      	CLRF       IntToStr_negative_L0
0x00F9	0x01C9      	CLRF       IntToStr_negative_L0+1
;__Lib_Conversions.c,202 :: 		
0x00FA	0x0843      	MOVF       FARG_IntToStr_input, 0
0x00FB	0x00CA      	MOVWF      IntToStr_inword_L0
0x00FC	0x0844      	MOVF       FARG_IntToStr_input+1, 0
0x00FD	0x00CB      	MOVWF      IntToStr_inword_L0+1
;__Lib_Conversions.c,203 :: 		
0x00FE	0x3080      	MOVLW      128
0x00FF	0x0644      	XORWF      FARG_IntToStr_input+1, 0
0x0100	0x00F0      	MOVWF      R0
0x0101	0x3080      	MOVLW      128
0x0102	0x0270      	SUBWF      R0, 0
0x0103	0x1D03      	BTFSS      STATUS, 2
0x0104	0x2907      	GOTO       L__IntToStr167
0x0105	0x3000      	MOVLW      0
0x0106	0x0243      	SUBWF      FARG_IntToStr_input, 0
L__IntToStr167:
0x0107	0x1803      	BTFSC      STATUS, 0
0x0108	0x2915      	GOTO       L_IntToStr37
;__Lib_Conversions.c,204 :: 		
0x0109	0x3001      	MOVLW      1
0x010A	0x00C8      	MOVWF      IntToStr_negative_L0
0x010B	0x3000      	MOVLW      0
0x010C	0x00C9      	MOVWF      IntToStr_negative_L0+1
;__Lib_Conversions.c,205 :: 		
0x010D	0x0843      	MOVF       FARG_IntToStr_input, 0
0x010E	0x3C00      	SUBLW      0
0x010F	0x00CA      	MOVWF      IntToStr_inword_L0
0x0110	0x0844      	MOVF       FARG_IntToStr_input+1, 0
0x0111	0x1C03      	BTFSS      STATUS, 0
0x0112	0x3E01      	ADDLW      1
0x0113	0x01CB      	CLRF       IntToStr_inword_L0+1
0x0114	0x02CB      	SUBWF      IntToStr_inword_L0+1, 1
;__Lib_Conversions.c,206 :: 		
L_IntToStr37:
;__Lib_Conversions.c,207 :: 		
0x0115	0x084A      	MOVF       IntToStr_inword_L0, 0
0x0116	0x00CC      	MOVWF      FARG_WordToStr_input
0x0117	0x084B      	MOVF       IntToStr_inword_L0+1, 0
0x0118	0x00CD      	MOVWF      FARG_WordToStr_input+1
0x0119	0x0845      	MOVF       FARG_IntToStr_output, 0
0x011A	0x00CE      	MOVWF      FARG_WordToStr_output
0x011B	0x208B      	CALL       _WordToStr
;__Lib_Conversions.c,209 :: 		
0x011C	0x3006      	MOVLW      6
0x011D	0x00C6      	MOVWF      IntToStr_i_L0
0x011E	0x3000      	MOVLW      0
0x011F	0x00C7      	MOVWF      IntToStr_i_L0+1
;__Lib_Conversions.c,210 :: 		
L_IntToStr38:
0x0120	0x0847      	MOVF       IntToStr_i_L0+1, 0
0x0121	0x3C00      	SUBLW      0
0x0122	0x1D03      	BTFSS      STATUS, 2
0x0123	0x2926      	GOTO       L__IntToStr168
0x0124	0x0846      	MOVF       IntToStr_i_L0, 0
0x0125	0x3C00      	SUBLW      0
L__IntToStr168:
0x0126	0x1803      	BTFSC      STATUS, 0
0x0127	0x2941      	GOTO       L_IntToStr39
;__Lib_Conversions.c,211 :: 		
0x0128	0x0846      	MOVF       IntToStr_i_L0, 0
0x0129	0x0745      	ADDWF      FARG_IntToStr_output, 0
0x012A	0x00F2      	MOVWF      R2
0x012B	0x3001      	MOVLW      1
0x012C	0x0246      	SUBWF      IntToStr_i_L0, 0
0x012D	0x00F0      	MOVWF      R0
0x012E	0x3000      	MOVLW      0
0x012F	0x1C03      	BTFSS      STATUS, 0
0x0130	0x3E01      	ADDLW      1
0x0131	0x0247      	SUBWF      IntToStr_i_L0+1, 0
0x0132	0x00F1      	MOVWF      R0+1
0x0133	0x0870      	MOVF       R0, 0
0x0134	0x0745      	ADDWF      FARG_IntToStr_output, 0
0x0135	0x0084      	MOVWF      FSR
0x0136	0x0800      	MOVF       INDF, 0
0x0137	0x00F0      	MOVWF      R0
0x0138	0x0872      	MOVF       R2, 0
0x0139	0x0084      	MOVWF      FSR
0x013A	0x0870      	MOVF       R0, 0
0x013B	0x0080      	MOVWF      INDF
;__Lib_Conversions.c,212 :: 		
0x013C	0x3001      	MOVLW      1
0x013D	0x02C6      	SUBWF      IntToStr_i_L0, 1
0x013E	0x1C03      	BTFSS      STATUS, 0
0x013F	0x03C7      	DECF       IntToStr_i_L0+1, 1
;__Lib_Conversions.c,213 :: 		
0x0140	0x2920      	GOTO       L_IntToStr38
L_IntToStr39:
;__Lib_Conversions.c,214 :: 		
0x0141	0x0845      	MOVF       FARG_IntToStr_output, 0
0x0142	0x0084      	MOVWF      FSR
0x0143	0x3020      	MOVLW      32
0x0144	0x0080      	MOVWF      INDF
;__Lib_Conversions.c,215 :: 		
0x0145	0x0848      	MOVF       IntToStr_negative_L0, 0
0x0146	0x0449      	IORWF      IntToStr_negative_L0+1, 0
0x0147	0x1903      	BTFSC      STATUS, 2
0x0148	0x295F      	GOTO       L_IntToStr40
;__Lib_Conversions.c,216 :: 		
0x0149	0x01C6      	CLRF       IntToStr_i_L0
0x014A	0x01C7      	CLRF       IntToStr_i_L0+1
;__Lib_Conversions.c,217 :: 		
L_IntToStr41:
0x014B	0x0846      	MOVF       IntToStr_i_L0, 0
0x014C	0x0745      	ADDWF      FARG_IntToStr_output, 0
0x014D	0x0084      	MOVWF      FSR
0x014E	0x0800      	MOVF       INDF, 0
0x014F	0x3A20      	XORLW      32
0x0150	0x1D03      	BTFSS      STATUS, 2
0x0151	0x2956      	GOTO       L_IntToStr42
0x0152	0x0AC6      	INCF       IntToStr_i_L0, 1
0x0153	0x1903      	BTFSC      STATUS, 2
0x0154	0x0AC7      	INCF       IntToStr_i_L0+1, 1
0x0155	0x294B      	GOTO       L_IntToStr41
L_IntToStr42:
;__Lib_Conversions.c,218 :: 		
0x0156	0x3001      	MOVLW      1
0x0157	0x02C6      	SUBWF      IntToStr_i_L0, 1
0x0158	0x1C03      	BTFSS      STATUS, 0
0x0159	0x03C7      	DECF       IntToStr_i_L0+1, 1
;__Lib_Conversions.c,219 :: 		
0x015A	0x0846      	MOVF       IntToStr_i_L0, 0
0x015B	0x0745      	ADDWF      FARG_IntToStr_output, 0
0x015C	0x0084      	MOVWF      FSR
0x015D	0x302D      	MOVLW      45
0x015E	0x0080      	MOVWF      INDF
L_IntToStr40:
;__Lib_Conversions.c,220 :: 		
L_end_IntToStr:
0x015F	0x0008      	RETURN
; end of _IntToStr
_Lcd_Out:
;__Lib_Lcd.c,184 :: 		
;__Lib_Lcd.c,187 :: 		
0x0160	0x2972      	GOTO       L_Lcd_Out11
;__Lib_Lcd.c,188 :: 		
L_Lcd_Out13:
0x0161	0x3080      	MOVLW      128
0x0162	0x1283      	BCF        STATUS, 5
0x0163	0x1303      	BCF        STATUS, 6
0x0164	0x00C3      	MOVWF      FARG_Lcd_Out_row
0x0165	0x2985      	GOTO       L_Lcd_Out12
;__Lib_Lcd.c,189 :: 		
L_Lcd_Out14:
0x0166	0x30C0      	MOVLW      192
0x0167	0x00C3      	MOVWF      FARG_Lcd_Out_row
0x0168	0x2985      	GOTO       L_Lcd_Out12
;__Lib_Lcd.c,190 :: 		
L_Lcd_Out15:
0x0169	0x3094      	MOVLW      148
0x016A	0x00C3      	MOVWF      FARG_Lcd_Out_row
0x016B	0x2985      	GOTO       L_Lcd_Out12
;__Lib_Lcd.c,191 :: 		
L_Lcd_Out16:
0x016C	0x30D4      	MOVLW      212
0x016D	0x00C3      	MOVWF      FARG_Lcd_Out_row
0x016E	0x2985      	GOTO       L_Lcd_Out12
;__Lib_Lcd.c,192 :: 		
L_Lcd_Out17:
0x016F	0x3080      	MOVLW      128
0x0170	0x00C3      	MOVWF      FARG_Lcd_Out_row
;__Lib_Lcd.c,193 :: 		
0x0171	0x2985      	GOTO       L_Lcd_Out12
L_Lcd_Out11:
0x0172	0x1283      	BCF        STATUS, 5
0x0173	0x1303      	BCF        STATUS, 6
0x0174	0x0843      	MOVF       FARG_Lcd_Out_row, 0
0x0175	0x3A01      	XORLW      1
0x0176	0x1903      	BTFSC      STATUS, 2
0x0177	0x2961      	GOTO       L_Lcd_Out13
0x0178	0x0843      	MOVF       FARG_Lcd_Out_row, 0
0x0179	0x3A02      	XORLW      2
0x017A	0x1903      	BTFSC      STATUS, 2
0x017B	0x2966      	GOTO       L_Lcd_Out14
0x017C	0x0843      	MOVF       FARG_Lcd_Out_row, 0
0x017D	0x3A03      	XORLW      3
0x017E	0x1903      	BTFSC      STATUS, 2
0x017F	0x2969      	GOTO       L_Lcd_Out15
0x0180	0x0843      	MOVF       FARG_Lcd_Out_row, 0
0x0181	0x3A04      	XORLW      4
0x0182	0x1903      	BTFSC      STATUS, 2
0x0183	0x296C      	GOTO       L_Lcd_Out16
0x0184	0x296F      	GOTO       L_Lcd_Out17
L_Lcd_Out12:
;__Lib_Lcd.c,194 :: 		
0x0185	0x0344      	DECF       FARG_Lcd_Out_column, 0
0x0186	0x00F0      	MOVWF      R0
0x0187	0x0843      	MOVF       FARG_Lcd_Out_row, 0
0x0188	0x07F0      	ADDWF      R0, 1
0x0189	0x0870      	MOVF       R0, 0
0x018A	0x00C3      	MOVWF      FARG_Lcd_Out_row
;__Lib_Lcd.c,196 :: 		
0x018B	0x0870      	MOVF       R0, 0
0x018C	0x00D1      	MOVWF      FARG_Lcd_Cmd_out_char
0x018D	0x2018      	CALL       _Lcd_Cmd
;__Lib_Lcd.c,197 :: 		
0x018E	0x1042      	BCF        __Lib_Lcd_cmd_status, BitPos(__Lib_Lcd_cmd_status+0)
;__Lib_Lcd.c,198 :: 		
0x018F	0x01C6      	CLRF       Lcd_Out_i_L0
;__Lib_Lcd.c,199 :: 		
L_Lcd_Out18:
0x0190	0x0846      	MOVF       Lcd_Out_i_L0, 0
0x0191	0x0745      	ADDWF      FARG_Lcd_Out_text, 0
0x0192	0x0084      	MOVWF      FSR
0x0193	0x0800      	MOVF       INDF, 0
0x0194	0x1903      	BTFSC      STATUS, 2
0x0195	0x299E      	GOTO       L_Lcd_Out19
;__Lib_Lcd.c,200 :: 		
0x0196	0x0846      	MOVF       Lcd_Out_i_L0, 0
0x0197	0x0745      	ADDWF      FARG_Lcd_Out_text, 0
0x0198	0x0084      	MOVWF      FSR
0x0199	0x0800      	MOVF       INDF, 0
0x019A	0x00CC      	MOVWF      FARG_Lcd_Chr_CP_out_char
0x019B	0x207C      	CALL       _Lcd_Chr_CP
0x019C	0x0AC6      	INCF       Lcd_Out_i_L0, 1
0x019D	0x2990      	GOTO       L_Lcd_Out18
L_Lcd_Out19:
;__Lib_Lcd.c,201 :: 		
0x019E	0x1442      	BSF        __Lib_Lcd_cmd_status, BitPos(__Lib_Lcd_cmd_status+0)
;__Lib_Lcd.c,202 :: 		
L_end_Lcd_Out:
0x019F	0x0008      	RETURN
; end of _Lcd_Out
_Lcd_Init:
;__Lib_Lcd.c,84 :: 		
;__Lib_Lcd.c,86 :: 		
0x01A0	0x1683      	BSF        STATUS, 5
0x01A1	0x1303      	BCF        STATUS, 6
0x01A2	0x1187      	BCF        LCD_EN_Direction, BitPos(LCD_EN_Direction+0)
;__Lib_Lcd.c,87 :: 		
0x01A3	0x1107      	BCF        LCD_RS_Direction, BitPos(LCD_RS_Direction+0)
;__Lib_Lcd.c,88 :: 		
0x01A4	0x1207      	BCF        LCD_D4_Direction, BitPos(LCD_D4_Direction+0)
;__Lib_Lcd.c,89 :: 		
0x01A5	0x1287      	BCF        LCD_D5_Direction, BitPos(LCD_D5_Direction+0)
;__Lib_Lcd.c,90 :: 		
0x01A6	0x1307      	BCF        LCD_D6_Direction, BitPos(LCD_D6_Direction+0)
;__Lib_Lcd.c,91 :: 		
0x01A7	0x1387      	BCF        LCD_D7_Direction, BitPos(LCD_D7_Direction+0)
;__Lib_Lcd.c,93 :: 		
0x01A8	0x1283      	BCF        STATUS, 5
0x01A9	0x1187      	BCF        LCD_EN, BitPos(LCD_EN+0)
;__Lib_Lcd.c,94 :: 		
0x01AA	0x1107      	BCF        LCD_RS, BitPos(LCD_RS+0)
;__Lib_Lcd.c,95 :: 		
0x01AB	0x1387      	BCF        LCD_D7, BitPos(LCD_D7+0)
;__Lib_Lcd.c,96 :: 		
0x01AC	0x1307      	BCF        LCD_D6, BitPos(LCD_D6+0)
;__Lib_Lcd.c,97 :: 		
0x01AD	0x1287      	BCF        LCD_D5, BitPos(LCD_D5+0)
;__Lib_Lcd.c,98 :: 		
0x01AE	0x1207      	BCF        LCD_D4, BitPos(LCD_D4+0)
;__Lib_Lcd.c,100 :: 		
0x01AF	0x2005      	CALL       _Delay_5500us
;__Lib_Lcd.c,101 :: 		
0x01B0	0x2005      	CALL       _Delay_5500us
;__Lib_Lcd.c,102 :: 		
0x01B1	0x2005      	CALL       _Delay_5500us
;__Lib_Lcd.c,105 :: 		
0x01B2	0x1687      	BSF        LCD_D5, BitPos(LCD_D5+0)
;__Lib_Lcd.c,106 :: 		
0x01B3	0x1607      	BSF        LCD_D4, BitPos(LCD_D4+0)
;__Lib_Lcd.c,107 :: 		
0x01B4	0x1587      	BSF        LCD_EN, BitPos(LCD_EN+0)
;__Lib_Lcd.c,108 :: 		
0x01B5	0x2003      	CALL       _Delay_1us
;__Lib_Lcd.c,109 :: 		
0x01B6	0x1187      	BCF        LCD_EN, BitPos(LCD_EN+0)
;__Lib_Lcd.c,110 :: 		
0x01B7	0x2005      	CALL       _Delay_5500us
;__Lib_Lcd.c,112 :: 		
0x01B8	0x1587      	BSF        LCD_EN, BitPos(LCD_EN+0)
;__Lib_Lcd.c,113 :: 		
0x01B9	0x2003      	CALL       _Delay_1us
;__Lib_Lcd.c,114 :: 		
0x01BA	0x1187      	BCF        LCD_EN, BitPos(LCD_EN+0)
;__Lib_Lcd.c,115 :: 		
0x01BB	0x2005      	CALL       _Delay_5500us
;__Lib_Lcd.c,117 :: 		
0x01BC	0x1587      	BSF        LCD_EN, BitPos(LCD_EN+0)
;__Lib_Lcd.c,118 :: 		
0x01BD	0x2003      	CALL       _Delay_1us
;__Lib_Lcd.c,119 :: 		
0x01BE	0x1187      	BCF        LCD_EN, BitPos(LCD_EN+0)
;__Lib_Lcd.c,120 :: 		
0x01BF	0x2005      	CALL       _Delay_5500us
;__Lib_Lcd.c,123 :: 		
0x01C0	0x1207      	BCF        LCD_D4, BitPos(LCD_D4+0)
;__Lib_Lcd.c,124 :: 		
0x01C1	0x1587      	BSF        LCD_EN, BitPos(LCD_EN+0)
;__Lib_Lcd.c,125 :: 		
0x01C2	0x2003      	CALL       _Delay_1us
;__Lib_Lcd.c,126 :: 		
0x01C3	0x1187      	BCF        LCD_EN, BitPos(LCD_EN+0)
;__Lib_Lcd.c,127 :: 		
0x01C4	0x2005      	CALL       _Delay_5500us
;__Lib_Lcd.c,130 :: 		
0x01C5	0x1587      	BSF        LCD_EN, BitPos(LCD_EN+0)
;__Lib_Lcd.c,131 :: 		
0x01C6	0x2003      	CALL       _Delay_1us
;__Lib_Lcd.c,132 :: 		
0x01C7	0x1187      	BCF        LCD_EN, BitPos(LCD_EN+0)
;__Lib_Lcd.c,134 :: 		
0x01C8	0x1287      	BCF        LCD_D5, BitPos(LCD_D5+0)
;__Lib_Lcd.c,135 :: 		
0x01C9	0x1787      	BSF        LCD_D7, BitPos(LCD_D7+0)
;__Lib_Lcd.c,136 :: 		
0x01CA	0x1587      	BSF        LCD_EN, BitPos(LCD_EN+0)
;__Lib_Lcd.c,137 :: 		
0x01CB	0x2003      	CALL       _Delay_1us
;__Lib_Lcd.c,138 :: 		
0x01CC	0x1187      	BCF        LCD_EN, BitPos(LCD_EN+0)
;__Lib_Lcd.c,139 :: 		
0x01CD	0x2005      	CALL       _Delay_5500us
;__Lib_Lcd.c,142 :: 		
0x01CE	0x1387      	BCF        LCD_D7, BitPos(LCD_D7+0)
;__Lib_Lcd.c,143 :: 		
0x01CF	0x1607      	BSF        LCD_D4, BitPos(LCD_D4+0)
;__Lib_Lcd.c,144 :: 		
0x01D0	0x1587      	BSF        LCD_EN, BitPos(LCD_EN+0)
;__Lib_Lcd.c,145 :: 		
0x01D1	0x2003      	CALL       _Delay_1us
;__Lib_Lcd.c,146 :: 		
0x01D2	0x1187      	BCF        LCD_EN, BitPos(LCD_EN+0)
;__Lib_Lcd.c,148 :: 		
0x01D3	0x1207      	BCF        LCD_D4, BitPos(LCD_D4+0)
;__Lib_Lcd.c,149 :: 		
0x01D4	0x1587      	BSF        LCD_EN, BitPos(LCD_EN+0)
;__Lib_Lcd.c,150 :: 		
0x01D5	0x2003      	CALL       _Delay_1us
;__Lib_Lcd.c,151 :: 		
0x01D6	0x1187      	BCF        LCD_EN, BitPos(LCD_EN+0)
;__Lib_Lcd.c,152 :: 		
0x01D7	0x2005      	CALL       _Delay_5500us
;__Lib_Lcd.c,155 :: 		
0x01D8	0x1587      	BSF        LCD_EN, BitPos(LCD_EN+0)
;__Lib_Lcd.c,156 :: 		
0x01D9	0x2003      	CALL       _Delay_1us
;__Lib_Lcd.c,157 :: 		
0x01DA	0x1187      	BCF        LCD_EN, BitPos(LCD_EN+0)
;__Lib_Lcd.c,159 :: 		
0x01DB	0x1607      	BSF        LCD_D4, BitPos(LCD_D4+0)
;__Lib_Lcd.c,160 :: 		
0x01DC	0x1587      	BSF        LCD_EN, BitPos(LCD_EN+0)
;__Lib_Lcd.c,161 :: 		
0x01DD	0x2003      	CALL       _Delay_1us
;__Lib_Lcd.c,162 :: 		
0x01DE	0x1187      	BCF        LCD_EN, BitPos(LCD_EN+0)
;__Lib_Lcd.c,163 :: 		
0x01DF	0x2005      	CALL       _Delay_5500us
;__Lib_Lcd.c,166 :: 		
0x01E0	0x1207      	BCF        LCD_D4, BitPos(LCD_D4+0)
;__Lib_Lcd.c,167 :: 		
0x01E1	0x1587      	BSF        LCD_EN, BitPos(LCD_EN+0)
;__Lib_Lcd.c,168 :: 		
0x01E2	0x2003      	CALL       _Delay_1us
;__Lib_Lcd.c,169 :: 		
0x01E3	0x1187      	BCF        LCD_EN, BitPos(LCD_EN+0)
;__Lib_Lcd.c,171 :: 		
0x01E4	0x1787      	BSF        LCD_D7, BitPos(LCD_D7+0)
;__Lib_Lcd.c,172 :: 		
0x01E5	0x1707      	BSF        LCD_D6, BitPos(LCD_D6+0)
;__Lib_Lcd.c,173 :: 		
0x01E6	0x1687      	BSF        LCD_D5, BitPos(LCD_D5+0)
;__Lib_Lcd.c,174 :: 		
0x01E7	0x1607      	BSF        LCD_D4, BitPos(LCD_D4+0)
;__Lib_Lcd.c,175 :: 		
0x01E8	0x1587      	BSF        LCD_EN, BitPos(LCD_EN+0)
;__Lib_Lcd.c,176 :: 		
0x01E9	0x2003      	CALL       _Delay_1us
;__Lib_Lcd.c,177 :: 		
0x01EA	0x1187      	BCF        LCD_EN, BitPos(LCD_EN+0)
;__Lib_Lcd.c,179 :: 		
0x01EB	0x2005      	CALL       _Delay_5500us
;__Lib_Lcd.c,181 :: 		
0x01EC	0x1442      	BSF        __Lib_Lcd_cmd_status, BitPos(__Lib_Lcd_cmd_status+0)
;__Lib_Lcd.c,182 :: 		
L_end_Lcd_Init:
0x01ED	0x0008      	RETURN
; end of _Lcd_Init
_ADC_Read:
;__Lib_ADC_A_C.c,68 :: 		
;__Lib_ADC_A_C.c,70 :: 		
0x01EE	0x1283      	BCF        STATUS, 5
0x01EF	0x1303      	BCF        STATUS, 6
0x01F0	0x019F      	CLRF       ADCON0
;__Lib_ADC_A_C.c,71 :: 		
0x01F1	0x30C0      	MOVLW      192
0x01F2	0x049F      	IORWF      ADCON0, 1
;__Lib_ADC_A_C.c,72 :: 		
0x01F3	0x0920      	COMF       _vref_mask, 0
0x01F4	0x00F0      	MOVWF      R0
0x01F5	0x0870      	MOVF       R0, 0
0x01F6	0x1683      	BSF        STATUS, 5
0x01F7	0x059F      	ANDWF      ADCON1, 1
;__Lib_ADC_A_C.c,73 :: 		
0x01F8	0x171F      	BSF        ADCON1, 6
;__Lib_ADC_A_C.c,74 :: 		
0x01F9	0x179F      	BSF        ADCON1, 7
;__Lib_ADC_A_C.c,75 :: 		
0x01FA	0x1283      	BCF        STATUS, 5
0x01FB	0x0843      	MOVF       FARG_ADC_Read_channel, 0
0x01FC	0x00F0      	MOVWF      R0
0x01FD	0x0DF0      	RLF        R0, 1
0x01FE	0x1070      	BCF        R0, 0
0x01FF	0x0DF0      	RLF        R0, 1
0x0200	0x1070      	BCF        R0, 0
0x0201	0x0DF0      	RLF        R0, 1
0x0202	0x1070      	BCF        R0, 0
0x0203	0x0870      	MOVF       R0, 0
0x0204	0x049F      	IORWF      ADCON0, 1
;__Lib_ADC_A_C.c,78 :: 		
0x0205	0x141F      	BSF        ADCON0, 0
;__Lib_ADC_A_C.c,81 :: 		
0x0206	0x2084      	CALL       _Delay_22us
;__Lib_ADC_A_C.c,84 :: 		
0x0207	0x151F      	BSF        ADCON0, 2
;__Lib_ADC_A_C.c,87 :: 		
L_ADC_Read2:
0x0208	0x1D1F      	BTFSS      ADCON0, 2
0x0209	0x2A0C      	GOTO       L_ADC_Read3
;__Lib_ADC_A_C.c,88 :: 		
0x020A	0x0000      	NOP
0x020B	0x2A08      	GOTO       L_ADC_Read2
L_ADC_Read3:
;__Lib_ADC_A_C.c,91 :: 		
0x020C	0x101F      	BCF        ADCON0, 0
;__Lib_ADC_A_C.c,94 :: 		
0x020D	0x081E      	MOVF       ADRESH, 0
0x020E	0x00F1      	MOVWF      R0+1
0x020F	0x01F0      	CLRF       R0
0x0210	0x1683      	BSF        STATUS, 5
0x0211	0x081E      	MOVF       ADRESL, 0
0x0212	0x04F0      	IORWF      R0, 1
0x0213	0x3000      	MOVLW      0
0x0214	0x04F1      	IORWF      R0+1, 1
;__Lib_ADC_A_C.c,95 :: 		
L_end_ADC_Read:
0x0215	0x0008      	RETURN
; end of _ADC_Read
___CC2DW:
;__Lib_System.c,134 :: 		
;__Lib_System.c,137 :: 		
_CC2D_Loop1:
;__Lib_System.c,139 :: 		
0x0216	0x2075      	CALL       _____DoICP
0x0217	0x118A      	BCF        PCLATH, 3
0x0218	0x120A      	BCF        PCLATH, 4
;__Lib_System.c,141 :: 		
0x0219	0x0080      	MOVWF      INDF
;__Lib_System.c,142 :: 		
0x021A	0x0A84      	INCF       FSR, 1
;__Lib_System.c,143 :: 		
0x021B	0x0AB4      	INCF       ___DoICPAddr, 1
;__Lib_System.c,145 :: 		
0x021C	0x1903      	BTFSC      STATUS, 2
;__Lib_System.c,146 :: 		
0x021D	0x0AB5      	INCF       ___DoICPAddr+1, 1
;__Lib_System.c,147 :: 		
0x021E	0x03F0      	DECF       R0, 1
;__Lib_System.c,149 :: 		
0x021F	0x1D03      	BTFSS      STATUS, 2
;__Lib_System.c,150 :: 		
0x0220	0x2A16      	GOTO       _CC2D_Loop1
;__Lib_System.c,152 :: 		
L_end___CC2DW:
0x0221	0x0008      	RETURN
; end of ___CC2DW
_main:
0x0222	0x2296      	CALL       662
;p.c,18 :: 		void main() {
;p.c,19 :: 		TRISA=0xFF;
0x0223	0x30FF      	MOVLW      255
0x0224	0x1683      	BSF        STATUS, 5
0x0225	0x1303      	BCF        STATUS, 6
0x0226	0x0085      	MOVWF      TRISA
;p.c,20 :: 		Lcd_Init();
0x0227	0x21A0      	CALL       _Lcd_Init
;p.c,21 :: 		Lcd_out(1,1,"temperature : ");
0x0228	0x3001      	MOVLW      1
0x0229	0x00C3      	MOVWF      FARG_Lcd_Out_row
0x022A	0x3001      	MOVLW      1
0x022B	0x00C4      	MOVWF      FARG_Lcd_Out_column
0x022C	0x3025      	MOVLW      ?lstr1_p
0x022D	0x00C5      	MOVWF      FARG_Lcd_Out_text
0x022E	0x2160      	CALL       _Lcd_Out
;p.c,22 :: 		delay_ms(500);
0x022F	0x3003      	MOVLW      3
0x0230	0x00FB      	MOVWF      R11
0x0231	0x308A      	MOVLW      138
0x0232	0x00FC      	MOVWF      R12
0x0233	0x3055      	MOVLW      85
0x0234	0x00FD      	MOVWF      R13
L_main0:
0x0235	0x0BFD      	DECFSZ     R13, 1
0x0236	0x2A35      	GOTO       L_main0
0x0237	0x0BFC      	DECFSZ     R12, 1
0x0238	0x2A35      	GOTO       L_main0
0x0239	0x0BFB      	DECFSZ     R11, 1
0x023A	0x2A35      	GOTO       L_main0
0x023B	0x0000      	NOP
0x023C	0x0000      	NOP
;p.c,24 :: 		while(1){
L_main1:
;p.c,26 :: 		temp_store=ADC_Read(2)*100; //1V=100C
0x023D	0x3002      	MOVLW      2
0x023E	0x00C3      	MOVWF      FARG_ADC_Read_channel
0x023F	0x21EE      	CALL       _ADC_Read
0x0240	0x3064      	MOVLW      100
0x0241	0x00F4      	MOVWF      R4
0x0242	0x3000      	MOVLW      0
0x0243	0x00F5      	MOVWF      R4+1
0x0244	0x20CB      	CALL       _Mul_16X16_U
0x0245	0x0870      	MOVF       R0, 0
0x0246	0x00C0      	MOVWF      _temp_store
0x0247	0x0871      	MOVF       R0+1, 0
0x0248	0x00C1      	MOVWF      _temp_store+1
;p.c,27 :: 		temp_store=temp_store*5/1023;
0x0249	0x3005      	MOVLW      5
0x024A	0x00F4      	MOVWF      R4
0x024B	0x3000      	MOVLW      0
0x024C	0x00F5      	MOVWF      R4+1
0x024D	0x20CB      	CALL       _Mul_16X16_U
0x024E	0x30FF      	MOVLW      255
0x024F	0x00F4      	MOVWF      R4
0x0250	0x3003      	MOVLW      3
0x0251	0x00F5      	MOVWF      R4+1
0x0252	0x2058      	CALL       _Div_16X16_U
0x0253	0x0870      	MOVF       R0, 0
0x0254	0x00C0      	MOVWF      _temp_store
0x0255	0x0871      	MOVF       R0+1, 0
0x0256	0x00C1      	MOVWF      _temp_store+1
;p.c,29 :: 		IntToStr (temp_store,t);
0x0257	0x0870      	MOVF       R0, 0
0x0258	0x00C3      	MOVWF      FARG_IntToStr_input
0x0259	0x0871      	MOVF       R0+1, 0
0x025A	0x00C4      	MOVWF      FARG_IntToStr_input+1
0x025B	0x3036      	MOVLW      _t
0x025C	0x00C5      	MOVWF      FARG_IntToStr_output
0x025D	0x20F6      	CALL       _IntToStr
;p.c,30 :: 		Lcd_out(2,2,t);
0x025E	0x3002      	MOVLW      2
0x025F	0x00C3      	MOVWF      FARG_Lcd_Out_row
0x0260	0x3002      	MOVLW      2
0x0261	0x00C4      	MOVWF      FARG_Lcd_Out_column
0x0262	0x3036      	MOVLW      _t
0x0263	0x00C5      	MOVWF      FARG_Lcd_Out_text
0x0264	0x2160      	CALL       _Lcd_Out
;p.c,31 :: 		Lcd_out(2,10," C ");
0x0265	0x3002      	MOVLW      2
0x0266	0x00C3      	MOVWF      FARG_Lcd_Out_row
0x0267	0x300A      	MOVLW      10
0x0268	0x00C4      	MOVWF      FARG_Lcd_Out_column
0x0269	0x3021      	MOVLW      ?lstr2_p
0x026A	0x00C5      	MOVWF      FARG_Lcd_Out_text
0x026B	0x2160      	CALL       _Lcd_Out
;p.c,32 :: 		delay_ms(500);
0x026C	0x3003      	MOVLW      3
0x026D	0x00FB      	MOVWF      R11
0x026E	0x308A      	MOVLW      138
0x026F	0x00FC      	MOVWF      R12
0x0270	0x3055      	MOVLW      85
0x0271	0x00FD      	MOVWF      R13
L_main3:
0x0272	0x0BFD      	DECFSZ     R13, 1
0x0273	0x2A72      	GOTO       L_main3
0x0274	0x0BFC      	DECFSZ     R12, 1
0x0275	0x2A72      	GOTO       L_main3
0x0276	0x0BFB      	DECFSZ     R11, 1
0x0277	0x2A72      	GOTO       L_main3
0x0278	0x0000      	NOP
0x0279	0x0000      	NOP
;p.c,33 :: 		}
0x027A	0x2A3D      	GOTO       L_main1
;p.c,34 :: 		}
L_end_main:
0x027B	0x2A7B      	GOTO       $+0
; end of _main
0x0296	0x3020      	MOVLW      32
0x0297	0x0084      	MOVWF      FSR
0x0298	0x3014      	MOVLW      20
0x0299	0x1283      	BCF        STATUS, 5
0x029A	0x1303      	BCF        STATUS, 6
0x029B	0x00F0      	MOVWF      R0
0x029C	0x3081      	MOVLW      129
0x029D	0x00B4      	MOVWF      ___DoICPAddr
0x029E	0x3002      	MOVLW      2
0x029F	0x00B5      	MOVWF      53
0x02A0	0x2216      	CALL       534
0x02A1	0x0008      	RETURN
;__Lib_ADC_A_C.c,0 :: ?ICS_vref_mask
0x0281	0x340F ;?ICS_vref_mask+0
; end of ?ICS_vref_mask
;p.c,0 :: ?ICS?lstr2_p
0x0282	0x3420 ;?ICS?lstr2_p+0
0x0283	0x3443 ;?ICS?lstr2_p+1
0x0284	0x3420 ;?ICS?lstr2_p+2
0x0285	0x3400 ;?ICS?lstr2_p+3
; end of ?ICS?lstr2_p
;p.c,0 :: ?ICS?lstr1_p
0x0286	0x3474 ;?ICS?lstr1_p+0
0x0287	0x3465 ;?ICS?lstr1_p+1
0x0288	0x346D ;?ICS?lstr1_p+2
0x0289	0x3470 ;?ICS?lstr1_p+3
0x028A	0x3465 ;?ICS?lstr1_p+4
0x028B	0x3472 ;?ICS?lstr1_p+5
0x028C	0x3461 ;?ICS?lstr1_p+6
0x028D	0x3474 ;?ICS?lstr1_p+7
0x028E	0x3475 ;?ICS?lstr1_p+8
0x028F	0x3472 ;?ICS?lstr1_p+9
0x0290	0x3465 ;?ICS?lstr1_p+10
0x0291	0x3420 ;?ICS?lstr1_p+11
0x0292	0x343A ;?ICS?lstr1_p+12
0x0293	0x3420 ;?ICS?lstr1_p+13
0x0294	0x3400 ;?ICS?lstr1_p+14
; end of ?ICS?lstr1_p
Symbol List:
//** Routines locations **
//ADDRESS    SIZE    PROCEDURE
//----------------------------------------------
0x0003       [2]    _Delay_1us
0x0005      [11]    _Delay_5500us
0x0010       [8]    _Delay_50us
0x0018      [64]    _Lcd_Cmd
0x0058      [29]    _Div_16X16_U
0x0075       [7]    _____DoICP
0x007C       [8]    _Lcd_Chr_CP
0x0084       [7]    _Delay_22us
0x008B      [64]    _WordToStr
0x00CB      [43]    _Mul_16X16_U
0x00F6     [106]    _IntToStr
0x0160      [64]    _Lcd_Out
0x01A0      [78]    _Lcd_Init
0x01EE      [40]    _ADC_Read
0x0216      [12]    ___CC2DW
0x0222      [89]    _main
//** Variables locations ** 
//ADDRESS    SIZE    VARIABLE
//----------------------------------------------
0x0000       [1]    INDF
0x0002       [1]    PCL
0x0003       [1]    STATUS
0x0004       [1]    FSR
0x0007       [0]    RC4_bit
0x0007       [0]    RC5_bit
0x0007       [0]    RC6_bit
0x0007       [0]    RC3_bit
0x0007       [0]    RC2_bit
0x0007       [0]    RC7_bit
0x0007       [0]    LCD_D6
0x0007       [0]    LCD_D7
0x0007       [0]    LCD_D5
0x0007       [0]    LCD_RS
0x0007       [0]    LCD_EN
0x0007       [0]    LCD_D4
0x000A       [1]    PCLATH
0x001E       [1]    ADRESH
0x001F       [1]    ADCON0
0x0020       [1]    _vref_mask
0x0021       [4]    ?lstr2_p
0x0025      [15]    ?lstr1_p
0x0034       [2]    ___DoICPAddr
0x0036      [10]    _t
0x0040       [2]    _temp_store
0x0042       [0]    __Lib_Lcd_cmd_status
0x0043       [1]    FARG_Lcd_Out_row
0x0043       [2]    FARG_IntToStr_input
0x0043       [1]    FARG_ADC_Read_channel
0x0044       [1]    FARG_Lcd_Out_column
0x0045       [1]    FARG_IntToStr_output
0x0045       [1]    FARG_Lcd_Out_text
0x0046       [1]    Lcd_Out_i_L0
0x0046       [2]    IntToStr_i_L0
0x0048       [2]    IntToStr_negative_L0
0x004A       [2]    IntToStr_inword_L0
0x004C       [1]    FARG_Lcd_Chr_CP_out_char
0x004C       [2]    FARG_WordToStr_input
0x004E       [1]    FARG_WordToStr_output
0x004F       [1]    WordToStr_len_L0
0x0050       [1]    FLOC__WordToStr
0x0051       [1]    FARG_Lcd_Cmd_out_char
0x0070       [1]    R0
0x0071       [1]    R1
0x0072       [1]    R2
0x0073       [1]    R3
0x0074       [1]    R4
0x0075       [1]    R5
0x0076       [1]    R6
0x0077       [1]    R7
0x0078       [1]    R8
0x0079       [1]    R9
0x007A       [1]    R10
0x007B       [1]    R11
0x007C       [1]    R12
0x007D       [1]    R13
0x007E       [1]    R14
0x007F       [1]    R15
0x0085       [1]    TRISA
0x0087       [0]    TRISC4_bit
0x0087       [0]    TRISC5_bit
0x0087       [0]    TRISC6_bit
0x0087       [0]    TRISC3_bit
0x0087       [0]    TRISC2_bit
0x0087       [0]    TRISC7_bit
0x0087       [0]    LCD_D5_Direction
0x0087       [0]    LCD_D6_Direction
0x0087       [0]    LCD_D7_Direction
0x0087       [0]    LCD_D4_Direction
0x0087       [0]    LCD_RS_Direction
0x0087       [0]    LCD_EN_Direction
0x009E       [1]    ADRESL
0x009F       [1]    ADCON1
//** Constants locations ** 
//ADDRESS    SIZE    CONSTANT
//----------------------------------------------
0x0281       [1]    ?ICS_vref_mask
0x0282       [4]    ?ICS?lstr2_p
0x0286      [15]    ?ICS?lstr1_p
